<?xml version="1.0" encoding="UTF-8"?>
<!-- Generated by org.testng.reporters.JUnitReportReporter -->
<testsuite skipped="0" hostname="Lenovo-PC" name="pack.Login.TestCasetoverifyLogin" tests="1" failures="0" timestamp="2020-06-21T11:02:23 EDT" time="6.622" errors="0">
  <testcase name="verifyGoogle" time="6.622" classname="pack.Login.TestCasetoverifyLogin"/>
</testsuite> <!-- pack.Login.TestCasetoverifyLogin -->
